<?xml version="1.0" encoding="UTF-8"?>
<!-- Generated by org.testng.reporters.JUnitXMLReporter -->
<testsuite ignored="0" hostname="LAPTOP-MKVCQ7MV" failures="0" tests="4" name="Default test" time="4.781" errors="0" timestamp="2024-02-29T05:24:09 IST">
  <testcase classname="jxl.DataProviders" name="webpage" time="0.998"/>
  <testcase classname="jxl.DataProviders" name="webpage" time="1.526"/>
  <testcase classname="jxl.DataProviders" name="webpage" time="0.97"/>
  <testcase classname="jxl.DataProviders" name="webpage" time="1.068"/>
</testsuite> <!-- Default test -->
