<?xml version="1.0" encoding="UTF-8"?>
<testng-results ignored="0" total="1" passed="1" failed="0" skipped="0">
  <reporter-output>
  </reporter-output>
  <suite started-at="2024-02-20T07:14:15 IST" name="TestSuite" finished-at="2024-02-20T07:14:15 IST" duration-ms="89">
    <groups>
    </groups>
    <test started-at="2024-02-20T07:14:15 IST" name="TestClass" finished-at="2024-02-20T07:14:15 IST" duration-ms="89">
      <class name="testNG.BasicTest">
        <test-method signature="FirstTestCase()[pri:0, instance:testNG.BasicTest@131774fe]" started-at="2024-02-20T07:14:15 IST" name="FirstTestCase" finished-at="2024-02-20T07:14:15 IST" duration-ms="17" status="PASS">
          <reporter-output>
          </reporter-output>
        </test-method> <!-- FirstTestCase -->
      </class> <!-- testNG.BasicTest -->
    </test> <!-- TestClass -->
  </suite> <!-- TestSuite -->
</testng-results>
