<?xml version="1.0" encoding="UTF-8"?>
<!-- Generated by org.testng.reporters.JUnitXMLReporter -->
<testsuite ignored="0" hostname="LAPTOP-MKVCQ7MV" failures="0" tests="4" name="test" time="34.726" errors="0" timestamp="2024-02-21T06:46:18 IST">
  <testcase classname="login_page_checker.Both_Correct" name="BothCorrect" time="11.865"/>
  <testcase classname="login_page_checker.Both_Wrong" name="BothWrong" time="7.564"/>
  <testcase classname="login_page_checker.Correct_UserName_Wrong_Password" name="Pass_Wrong" time="7.632"/>
  <testcase classname="login_page_checker.Wrong_UserName_Correct_Password" name="UN_wrong" time="7.596"/>
</testsuite> <!-- test -->
