<?xml version="1.0" encoding="UTF-8"?>
<testng-results ignored="0" total="1" passed="1" failed="0" skipped="0">
  <reporter-output>
  </reporter-output>
  <suite started-at="2024-03-17T08:06:49 IST" name="Default suite" finished-at="2024-03-17T08:08:24 IST" duration-ms="94570">
    <groups>
    </groups>
    <test started-at="2024-03-17T08:06:49 IST" name="Default test" finished-at="2024-03-17T08:08:24 IST" duration-ms="94570">
      <class name="addidas.WebpageAutomation">
        <test-method signature="praveen()[pri:0, instance:addidas.WebpageAutomation@1bd4fdd]" started-at="2024-03-17T08:06:49 IST" name="praveen" finished-at="2024-03-17T08:08:24 IST" duration-ms="94495" status="PASS">
          <reporter-output>
          </reporter-output>
        </test-method> <!-- praveen -->
      </class> <!-- addidas.WebpageAutomation -->
    </test> <!-- Default test -->
  </suite> <!-- Default suite -->
</testng-results>
