<?xml version="1.0" encoding="UTF-8"?>
<testng-results ignored="0" total="1" passed="1" failed="0" skipped="0">
  <reporter-output>
  </reporter-output>
  <suite started-at="2024-03-07T06:23:05 IST" name="Default suite" finished-at="2024-03-07T06:23:14 IST" duration-ms="8361">
    <groups>
    </groups>
    <test started-at="2024-03-07T06:23:05 IST" name="Default test" finished-at="2024-03-07T06:23:14 IST" duration-ms="8361">
      <class name="Pagefactory_without_using_FindBy.Pagefactory_without_findby">
        <test-method signature="login()[pri:0, instance:Pagefactory_without_using_FindBy.Pagefactory_without_findby@747ddf94]" started-at="2024-03-07T06:23:05 IST" name="login" finished-at="2024-03-07T06:23:14 IST" duration-ms="8299" status="PASS">
          <reporter-output>
          </reporter-output>
        </test-method> <!-- login -->
      </class> <!-- Pagefactory_without_using_FindBy.Pagefactory_without_findby -->
    </test> <!-- Default test -->
  </suite> <!-- Default suite -->
</testng-results>
