<?xml version="1.0" encoding="UTF-8"?>
<testng-results ignored="0" total="4" passed="4" failed="0" skipped="0">
  <reporter-output>
  </reporter-output>
  <suite started-at="2024-02-29T05:24:05 IST" name="Default suite" finished-at="2024-02-29T05:24:09 IST" duration-ms="4781">
    <groups>
    </groups>
    <test started-at="2024-02-29T05:24:05 IST" name="Default test" finished-at="2024-02-29T05:24:09 IST" duration-ms="4781">
      <class name="jxl.DataProviders">
        <test-method is-config="true" signature="before()[pri:0, instance:jxl.DataProviders@54d9d12d]" started-at="2024-02-29T05:23:57 IST" name="before" finished-at="2024-02-29T05:24:05 IST" duration-ms="7488" status="PASS">
          <reporter-output>
          </reporter-output>
        </test-method> <!-- before -->
        <test-method signature="webpage(java.lang.String,java.lang.String)[pri:0, instance:jxl.DataProviders@54d9d12d]" started-at="2024-02-29T05:24:05 IST" name="webpage" data-provider="dataprovs" finished-at="2024-02-29T05:24:06 IST" duration-ms="998" status="PASS">
          <params>
            <param index="0">
              <value>
                <![CDATA[test1]]>
              </value>
            </param>
            <param index="1">
              <value>
                <![CDATA[test]]>
              </value>
            </param>
          </params>
          <reporter-output>
          </reporter-output>
        </test-method> <!-- webpage -->
        <test-method signature="webpage(java.lang.String,java.lang.String)[pri:0, instance:jxl.DataProviders@54d9d12d]" started-at="2024-02-29T05:24:06 IST" name="webpage" data-provider="dataprovs" finished-at="2024-02-29T05:24:07 IST" duration-ms="1526" status="PASS">
          <params>
            <param index="0">
              <value>
                <![CDATA[test]]>
              </value>
            </param>
            <param index="1">
              <value>
                <![CDATA[test1]]>
              </value>
            </param>
          </params>
          <reporter-output>
          </reporter-output>
        </test-method> <!-- webpage -->
        <test-method signature="webpage(java.lang.String,java.lang.String)[pri:0, instance:jxl.DataProviders@54d9d12d]" started-at="2024-02-29T05:24:07 IST" name="webpage" data-provider="dataprovs" finished-at="2024-02-29T05:24:08 IST" duration-ms="970" status="PASS">
          <params>
            <param index="0">
              <value>
                <![CDATA[test1]]>
              </value>
            </param>
            <param index="1">
              <value>
                <![CDATA[test1]]>
              </value>
            </param>
          </params>
          <reporter-output>
          </reporter-output>
        </test-method> <!-- webpage -->
        <test-method signature="webpage(java.lang.String,java.lang.String)[pri:0, instance:jxl.DataProviders@54d9d12d]" started-at="2024-02-29T05:24:08 IST" name="webpage" data-provider="dataprovs" finished-at="2024-02-29T05:24:09 IST" duration-ms="1068" status="PASS">
          <params>
            <param index="0">
              <value>
                <![CDATA[test]]>
              </value>
            </param>
            <param index="1">
              <value>
                <![CDATA[test]]>
              </value>
            </param>
          </params>
          <reporter-output>
          </reporter-output>
        </test-method> <!-- webpage -->
      </class> <!-- jxl.DataProviders -->
    </test> <!-- Default test -->
  </suite> <!-- Default suite -->
</testng-results>
