<?xml version="1.0" encoding="UTF-8"?>
<testng-results ignored="0" total="4" passed="4" failed="0" skipped="0">
  <reporter-output>
  </reporter-output>
  <suite started-at="2024-02-22T07:45:14 IST" name=" test suite" finished-at="2024-02-22T07:45:39 IST" duration-ms="25222">
    <groups>
    </groups>
    <test started-at="2024-02-22T07:45:14 IST" name="Both_Correct" finished-at="2024-02-22T07:45:21 IST" duration-ms="6972">
      <class name="login_page_checker.Both_Correct">
        <test-method signature="BothCorrect(java.lang.String,java.lang.String)[pri:0, instance:login_page_checker.Both_Correct@4ec4f3a0]" started-at="2024-02-22T07:45:14 IST" name="BothCorrect" finished-at="2024-02-22T07:45:21 IST" duration-ms="6908" status="PASS">
          <params>
            <param index="0">
              <value>
                <![CDATA[test]]>
              </value>
            </param>
            <param index="1">
              <value>
                <![CDATA[test]]>
              </value>
            </param>
          </params>
          <reporter-output>
          </reporter-output>
        </test-method> <!-- BothCorrect -->
      </class> <!-- login_page_checker.Both_Correct -->
    </test> <!-- Both_Correct -->
    <test started-at="2024-02-22T07:45:21 IST" name="Both_Wrong" finished-at="2024-02-22T07:45:27 IST" duration-ms="6066">
      <class name="login_page_checker.Both_Wrong">
        <test-method signature="BothWrong(java.lang.String,java.lang.String)[pri:0, instance:login_page_checker.Both_Wrong@206a70ef]" started-at="2024-02-22T07:45:21 IST" name="BothWrong" finished-at="2024-02-22T07:45:27 IST" duration-ms="6061" status="PASS">
          <params>
            <param index="0">
              <value>
                <![CDATA[test1]]>
              </value>
            </param>
            <param index="1">
              <value>
                <![CDATA[test1]]>
              </value>
            </param>
          </params>
          <reporter-output>
          </reporter-output>
        </test-method> <!-- BothWrong -->
      </class> <!-- login_page_checker.Both_Wrong -->
    </test> <!-- Both_Wrong -->
    <test started-at="2024-02-22T07:45:27 IST" name="Correct_UserName_Wrong_Password" finished-at="2024-02-22T07:45:33 IST" duration-ms="6070">
      <class name="login_page_checker.Correct_UserName_Wrong_Password">
        <test-method signature="Pass_Wrong(java.lang.String,java.lang.String)[pri:0, instance:login_page_checker.Correct_UserName_Wrong_Password@45752059]" started-at="2024-02-22T07:45:27 IST" name="Pass_Wrong" finished-at="2024-02-22T07:45:33 IST" duration-ms="6065" status="PASS">
          <params>
            <param index="0">
              <value>
                <![CDATA[test]]>
              </value>
            </param>
            <param index="1">
              <value>
                <![CDATA[test1]]>
              </value>
            </param>
          </params>
          <reporter-output>
          </reporter-output>
        </test-method> <!-- Pass_Wrong -->
      </class> <!-- login_page_checker.Correct_UserName_Wrong_Password -->
    </test> <!-- Correct_UserName_Wrong_Password -->
    <test started-at="2024-02-22T07:45:33 IST" name="Wrong_UserName_Correct_Password" finished-at="2024-02-22T07:45:39 IST" duration-ms="6024">
      <class name="login_page_checker.Wrong_UserName_Correct_Password">
        <test-method signature="UN_wrong(java.lang.String,java.lang.String)[pri:0, instance:login_page_checker.Wrong_UserName_Correct_Password@702657cc]" started-at="2024-02-22T07:45:33 IST" name="UN_wrong" finished-at="2024-02-22T07:45:39 IST" duration-ms="6018" status="PASS">
          <params>
            <param index="0">
              <value>
                <![CDATA[test]]>
              </value>
            </param>
            <param index="1">
              <value>
                <![CDATA[test1]]>
              </value>
            </param>
          </params>
          <reporter-output>
          </reporter-output>
        </test-method> <!-- UN_wrong -->
      </class> <!-- login_page_checker.Wrong_UserName_Correct_Password -->
    </test> <!-- Wrong_UserName_Correct_Password -->
  </suite> <!--  test suite -->
</testng-results>
