<?xml version="1.0" encoding="UTF-8"?>
<testng-results ignored="0" total="1" passed="1" failed="0" skipped="0">
  <reporter-output>
  </reporter-output>
  <suite started-at="2024-03-07T06:46:33 IST" name="Default suite" finished-at="2024-03-07T06:46:41 IST" duration-ms="7657">
    <groups>
    </groups>
    <test started-at="2024-03-07T06:46:33 IST" name="Default test" finished-at="2024-03-07T06:46:41 IST" duration-ms="7657">
      <class name="test.pom_page">
        <test-method signature="login()[pri:0, instance:test.pom_page@1bd4fdd]" started-at="2024-03-07T06:46:33 IST" name="login" finished-at="2024-03-07T06:46:41 IST" duration-ms="7582" status="PASS">
          <reporter-output>
          </reporter-output>
        </test-method> <!-- login -->
      </class> <!-- test.pom_page -->
    </test> <!-- Default test -->
  </suite> <!-- Default suite -->
</testng-results>
